<?xml version="1.0" encoding="UTF-8"?>
<!-- Generated by org.testng.reporters.JUnitXMLReporter -->
<testsuite ignored="0" hostname="Ty" failures="2" tests="4" name="Surefire test" time="4.894" errors="0" timestamp="27 6月 2021 14:23:01 GMT">
  <testcase classname="BrowserTest" name="testBrowser" time="4.767"/>
  <testcase classname="NgTest" name="test1" time="0.001"/>
  <testcase classname="NgTest" name="test11" time="0.002">
    <failure type="java.lang.AssertionError" message="Fail">
      <![CDATA[java.lang.AssertionError: Fail
at NgTest.test11(NgTest.java:34)
... Removed 30 stack frames]]>
    </failure>
  </testcase> <!-- test11 -->
  <testcase classname="NgTest" name="test2" time="0.001">
    <failure type="java.lang.AssertionError" message="AssertionError">
      <![CDATA[java.lang.AssertionError: AssertionError
at NgTest.test2(NgTest.java:27)
... Removed 29 stack frames]]>
    </failure>
  </testcase> <!-- test2 -->
</testsuite> <!-- Surefire test -->
