<?xml version="1.0" encoding="UTF-8"?>
<testsuite xmlns:xsi="http://www.w3.org/2001/XMLSchema-instance" xsi:noNamespaceSchemaLocation="https://maven.apache.org/surefire/maven-surefire-plugin/xsd/surefire-test-report.xsd" name="TestSuite" time="5.839" tests="4" errors="0" skipped="0" failures="2">
  <properties>
[...]
</properties>
  <testcase name="testBrowser" classname="BrowserTest" time="4.767"/>
  <testcase name="test1" classname="NgTest" time="0.002"/>
  <testcase name="test11" classname="NgTest" time="0.008">
    <failure message="Fail" type="java.lang.AssertionError">java.lang.AssertionError: Fail
	at NgTest.test11(NgTest.java:34)
</failure>
    <system-out><![CDATA[afterMethod
beforeMethod
test11 from group1
]]></system-out>
  </testcase>
  <testcase name="test2" classname="NgTest" time="0.001">
    <failure message="AssertionError" type="java.lang.AssertionError">java.lang.AssertionError: AssertionError
	at NgTest.test2(NgTest.java:27)
</failure>
    <system-out><![CDATA[afterMethod
beforeMethod
test2 from group2
]]></system-out>
  </testcase>
</testsuite>