<?xml version="1.0" encoding="UTF-8"?>
<!-- Generated by org.testng.reporters.JUnitXMLReporter -->
<testsuite hostname="Ty" ignored="0" tests="2" failures="1" timestamp="27 六月 2021 07:29:40 GMT" time="0.018" errors="0">
  <testcase name="testMethod1" time="0.004" classname="LHTTest">
    <failure type="java.lang.AssertionError" message="TEST">
      <![CDATA[java.lang.AssertionError: TEST
at LHTTest.testMethod1(LHTTest.java:7)
at TestNgLearning.main(TestNgLearning.java:10)
... Removed 22 stack frames]]>
    </failure>
  </testcase> <!-- testMethod1 -->
  <testcase name="testMethod2" time="0.0" classname="LHTTest"/>
</testsuite>
